Determining if the pthread_create exist failed with the following output:
Change Dir: /home/yk/桌面/14讲项目第二版/cmake-build-debug/CMakeFiles/CMakeTmp

Run Build Command:"/usr/bin/make" "cmTC_7469c/fast"
/usr/bin/make -f CMakeFiles/cmTC_7469c.dir/build.make CMakeFiles/cmTC_7469c.dir/build
make[1]: Entering directory '/home/yk/桌面/14讲项目第二版/cmake-build-debug/CMakeFiles/CMakeTmp'
Building C object CMakeFiles/cmTC_7469c.dir/CheckSymbolExists.c.o
/usr/bin/cc    -o CMakeFiles/cmTC_7469c.dir/CheckSymbolExists.c.o   -c /home/yk/桌面/14讲项目第二版/cmake-build-debug/CMakeFiles/CMakeTmp/CheckSymbolExists.c
Linking C executable cmTC_7469c
/home/yk/桌面/clion-2018.3.2/bin/cmake/linux/bin/cmake -E cmake_link_script CMakeFiles/cmTC_7469c.dir/link.txt --verbose=1
/usr/bin/cc      -rdynamic CMakeFiles/cmTC_7469c.dir/CheckSymbolExists.c.o  -o cmTC_7469c 
CMakeFiles/cmTC_7469c.dir/CheckSymbolExists.c.o：在函数‘main’中：
CheckSymbolExists.c:(.text+0x16)：对‘pthread_create’未定义的引用
collect2: error: ld returned 1 exit status
CMakeFiles/cmTC_7469c.dir/build.make:86: recipe for target 'cmTC_7469c' failed
make[1]: *** [cmTC_7469c] Error 1
make[1]: Leaving directory '/home/yk/桌面/14讲项目第二版/cmake-build-debug/CMakeFiles/CMakeTmp'
Makefile:121: recipe for target 'cmTC_7469c/fast' failed
make: *** [cmTC_7469c/fast] Error 2

File /home/yk/桌面/14讲项目第二版/cmake-build-debug/CMakeFiles/CMakeTmp/CheckSymbolExists.c:
/* */
#include <pthread.h>

int main(int argc, char** argv)
{
  (void)argv;
#ifndef pthread_create
  return ((int*)(&pthread_create))[argc];
#else
  (void)argc;
  return 0;
#endif
}

Determining if the function pthread_create exists in the pthreads failed with the following output:
Change Dir: /home/yk/桌面/14讲项目第二版/cmake-build-debug/CMakeFiles/CMakeTmp

Run Build Command:"/usr/bin/make" "cmTC_0c8a4/fast"
/usr/bin/make -f CMakeFiles/cmTC_0c8a4.dir/build.make CMakeFiles/cmTC_0c8a4.dir/build
make[1]: Entering directory '/home/yk/桌面/14讲项目第二版/cmake-build-debug/CMakeFiles/CMakeTmp'
Building C object CMakeFiles/cmTC_0c8a4.dir/CheckFunctionExists.c.o
/usr/bin/cc   -DCHECK_FUNCTION_EXISTS=pthread_create   -o CMakeFiles/cmTC_0c8a4.dir/CheckFunctionExists.c.o   -c /home/yk/桌面/clion-2018.3.2/bin/cmake/linux/share/cmake-3.13/Modules/CheckFunctionExists.c
Linking C executable cmTC_0c8a4
/home/yk/桌面/clion-2018.3.2/bin/cmake/linux/bin/cmake -E cmake_link_script CMakeFiles/cmTC_0c8a4.dir/link.txt --verbose=1
/usr/bin/cc  -DCHECK_FUNCTION_EXISTS=pthread_create    -rdynamic CMakeFiles/cmTC_0c8a4.dir/CheckFunctionExists.c.o  -o cmTC_0c8a4 -lpthreads 
/usr/bin/ld: 找不到 -lpthreads
collect2: error: ld returned 1 exit status
CMakeFiles/cmTC_0c8a4.dir/build.make:86: recipe for target 'cmTC_0c8a4' failed
make[1]: *** [cmTC_0c8a4] Error 1
make[1]: Leaving directory '/home/yk/桌面/14讲项目第二版/cmake-build-debug/CMakeFiles/CMakeTmp'
Makefile:121: recipe for target 'cmTC_0c8a4/fast' failed
make: *** [cmTC_0c8a4/fast] Error 2


