Determining if the pthread_create exist failed with the following output:
Change Dir: /home/yk/桌面/slambook-master/ch6/ceres_curve_fitting/build/CMakeFiles/CMakeTmp

Run Build Command:"/usr/bin/make" "cmTC_32930/fast"
/usr/bin/make -f CMakeFiles/cmTC_32930.dir/build.make CMakeFiles/cmTC_32930.dir/build
make[1]: Entering directory '/home/yk/桌面/slambook-master/ch6/ceres_curve_fitting/build/CMakeFiles/CMakeTmp'
Building C object CMakeFiles/cmTC_32930.dir/CheckSymbolExists.c.o
/usr/bin/cc     -o CMakeFiles/cmTC_32930.dir/CheckSymbolExists.c.o   -c /home/yk/桌面/slambook-master/ch6/ceres_curve_fitting/build/CMakeFiles/CMakeTmp/CheckSymbolExists.c
Linking C executable cmTC_32930
/usr/bin/cmake -E cmake_link_script CMakeFiles/cmTC_32930.dir/link.txt --verbose=1
/usr/bin/cc       CMakeFiles/cmTC_32930.dir/CheckSymbolExists.c.o  -o cmTC_32930 -rdynamic 
CMakeFiles/cmTC_32930.dir/CheckSymbolExists.c.o：在函数‘main’中：
CheckSymbolExists.c:(.text+0x16)：对‘pthread_create’未定义的引用
collect2: error: ld returned 1 exit status
CMakeFiles/cmTC_32930.dir/build.make:97: recipe for target 'cmTC_32930' failed
make[1]: *** [cmTC_32930] Error 1
make[1]: Leaving directory '/home/yk/桌面/slambook-master/ch6/ceres_curve_fitting/build/CMakeFiles/CMakeTmp'
Makefile:126: recipe for target 'cmTC_32930/fast' failed
make: *** [cmTC_32930/fast] Error 2

File /home/yk/桌面/slambook-master/ch6/ceres_curve_fitting/build/CMakeFiles/CMakeTmp/CheckSymbolExists.c:
/* */
#include <pthread.h>

int main(int argc, char** argv)
{
  (void)argv;
#ifndef pthread_create
  return ((int*)(&pthread_create))[argc];
#else
  (void)argc;
  return 0;
#endif
}

Determining if the function pthread_create exists in the pthreads failed with the following output:
Change Dir: /home/yk/桌面/slambook-master/ch6/ceres_curve_fitting/build/CMakeFiles/CMakeTmp

Run Build Command:"/usr/bin/make" "cmTC_13486/fast"
/usr/bin/make -f CMakeFiles/cmTC_13486.dir/build.make CMakeFiles/cmTC_13486.dir/build
make[1]: Entering directory '/home/yk/桌面/slambook-master/ch6/ceres_curve_fitting/build/CMakeFiles/CMakeTmp'
Building C object CMakeFiles/cmTC_13486.dir/CheckFunctionExists.c.o
/usr/bin/cc    -DCHECK_FUNCTION_EXISTS=pthread_create   -o CMakeFiles/cmTC_13486.dir/CheckFunctionExists.c.o   -c /usr/share/cmake-3.5/Modules/CheckFunctionExists.c
Linking C executable cmTC_13486
/usr/bin/cmake -E cmake_link_script CMakeFiles/cmTC_13486.dir/link.txt --verbose=1
/usr/bin/cc   -DCHECK_FUNCTION_EXISTS=pthread_create    CMakeFiles/cmTC_13486.dir/CheckFunctionExists.c.o  -o cmTC_13486 -rdynamic -lpthreads 
/usr/bin/ld: 找不到 -lpthreads
collect2: error: ld returned 1 exit status
CMakeFiles/cmTC_13486.dir/build.make:97: recipe for target 'cmTC_13486' failed
make[1]: *** [cmTC_13486] Error 1
make[1]: Leaving directory '/home/yk/桌面/slambook-master/ch6/ceres_curve_fitting/build/CMakeFiles/CMakeTmp'
Makefile:126: recipe for target 'cmTC_13486/fast' failed
make: *** [cmTC_13486/fast] Error 2


