Determining if the pthread_create exist failed with the following output:
Change Dir: /home/yk/桌面/高翔一起来做RGBD-SLAM/rgbd-slam-tutorial-gx/part VII/cmake-build-debug/CMakeFiles/CMakeTmp

Run Build Command:"/usr/bin/make" "cmTC_e9255/fast"
/usr/bin/make -f CMakeFiles/cmTC_e9255.dir/build.make CMakeFiles/cmTC_e9255.dir/build
make[1]: Entering directory '/home/yk/桌面/高翔一起来做RGBD-SLAM/rgbd-slam-tutorial-gx/part VII/cmake-build-debug/CMakeFiles/CMakeTmp'
Building C object CMakeFiles/cmTC_e9255.dir/CheckSymbolExists.c.o
/usr/bin/cc    -o CMakeFiles/cmTC_e9255.dir/CheckSymbolExists.c.o   -c "/home/yk/桌面/高翔一起来做RGBD-SLAM/rgbd-slam-tutorial-gx/part VII/cmake-build-debug/CMakeFiles/CMakeTmp/CheckSymbolExists.c"
Linking C executable cmTC_e9255
/home/yk/桌面/clion-2018.3.2/bin/cmake/linux/bin/cmake -E cmake_link_script CMakeFiles/cmTC_e9255.dir/link.txt --verbose=1
/usr/bin/cc      -rdynamic CMakeFiles/cmTC_e9255.dir/CheckSymbolExists.c.o  -o cmTC_e9255 
CMakeFiles/cmTC_e9255.dir/CheckSymbolExists.c.o：在函数‘main’中：
CheckSymbolExists.c:(.text+0x16)：对‘pthread_create’未定义的引用
collect2: error: ld returned 1 exit status
CMakeFiles/cmTC_e9255.dir/build.make:86: recipe for target 'cmTC_e9255' failed
make[1]: *** [cmTC_e9255] Error 1
make[1]: Leaving directory '/home/yk/桌面/高翔一起来做RGBD-SLAM/rgbd-slam-tutorial-gx/part VII/cmake-build-debug/CMakeFiles/CMakeTmp'
Makefile:121: recipe for target 'cmTC_e9255/fast' failed
make: *** [cmTC_e9255/fast] Error 2

File /home/yk/桌面/高翔一起来做RGBD-SLAM/rgbd-slam-tutorial-gx/part VII/cmake-build-debug/CMakeFiles/CMakeTmp/CheckSymbolExists.c:
/* */
#include <pthread.h>

int main(int argc, char** argv)
{
  (void)argv;
#ifndef pthread_create
  return ((int*)(&pthread_create))[argc];
#else
  (void)argc;
  return 0;
#endif
}

Determining if the function pthread_create exists in the pthreads failed with the following output:
Change Dir: /home/yk/桌面/高翔一起来做RGBD-SLAM/rgbd-slam-tutorial-gx/part VII/cmake-build-debug/CMakeFiles/CMakeTmp

Run Build Command:"/usr/bin/make" "cmTC_cda2d/fast"
/usr/bin/make -f CMakeFiles/cmTC_cda2d.dir/build.make CMakeFiles/cmTC_cda2d.dir/build
make[1]: Entering directory '/home/yk/桌面/高翔一起来做RGBD-SLAM/rgbd-slam-tutorial-gx/part VII/cmake-build-debug/CMakeFiles/CMakeTmp'
Building C object CMakeFiles/cmTC_cda2d.dir/CheckFunctionExists.c.o
/usr/bin/cc   -DCHECK_FUNCTION_EXISTS=pthread_create   -o CMakeFiles/cmTC_cda2d.dir/CheckFunctionExists.c.o   -c /home/yk/桌面/clion-2018.3.2/bin/cmake/linux/share/cmake-3.13/Modules/CheckFunctionExists.c
Linking C executable cmTC_cda2d
/home/yk/桌面/clion-2018.3.2/bin/cmake/linux/bin/cmake -E cmake_link_script CMakeFiles/cmTC_cda2d.dir/link.txt --verbose=1
/usr/bin/cc  -DCHECK_FUNCTION_EXISTS=pthread_create    -rdynamic CMakeFiles/cmTC_cda2d.dir/CheckFunctionExists.c.o  -o cmTC_cda2d -lpthreads 
/usr/bin/ld: 找不到 -lpthreads
collect2: error: ld returned 1 exit status
CMakeFiles/cmTC_cda2d.dir/build.make:86: recipe for target 'cmTC_cda2d' failed
make[1]: *** [cmTC_cda2d] Error 1
make[1]: Leaving directory '/home/yk/桌面/高翔一起来做RGBD-SLAM/rgbd-slam-tutorial-gx/part VII/cmake-build-debug/CMakeFiles/CMakeTmp'
Makefile:121: recipe for target 'cmTC_cda2d/fast' failed
make: *** [cmTC_cda2d/fast] Error 2


